# JRE version: Java(TM) SE Runtime Environment (8.0-b132) (build 1.8.0-b132)
# Java VM: Java HotSpot(TM) 64-Bit Server VM (25.0-b70 mixed mode bsd-amd64 compressed oops)
Heap:
 PSYoungGen      total 7680K, used 6920K [0x0000000715580000, 0x0000000716300000, 0x00000007c0000000)
  eden space 6656K, 89% used [0x0000000715580000,0x0000000715b4d3c0,0x0000000715c00000)
  from space 1024K, 95% used [0x0000000715c00000,0x0000000715cf4d68,0x0000000715d00000)
  to   space 1536K, 0% used [0x0000000716180000,0x0000000716180000,0x0000000716300000)
 ParOldGen       total 522752K, used 1478K [0x00000005c0000000, 0x00000005dfe80000, 0x0000000715580000)
  object space 522752K, 0% used [0x00000005c0000000,0x00000005c0171bb8,0x00000005dfe80000)
 Metaspace       used 8955K, capacity 9043K, committed 9216K, reserved 1056768K
  class space    used 1196K, capacity 1232K, committed 1280K, reserved 1048576K
GC Heap History (10 events):
Event: 0.154 GC heap before
{Heap before GC invocations=7 (full 0):
 PSYoungGen      total 3072K, used 2825K [0x0000000715580000, 0x0000000715980000, 0x00000007c0000000)
  eden space 2048K, 100% used [0x0000000715580000,0x0000000715780000,0x0000000715780000)
  from space 1024K, 75% used [0x0000000715880000,0x0000000715942750,0x0000000715980000)
  to   space 1024K, 0% used [0x0000000715780000,0x0000000715780000,0x0000000715880000)
 ParOldGen       total 522752K, used 610K [0x00000005c0000000, 0x00000005dfe80000, 0x0000000715580000)
  object space 522752K, 0% used [0x00000005c0000000,0x00000005c0098bd0,0x00000005dfe80000)
 Metaspace       used 3765K, capacity 5112K, committed 5376K, reserved 1056768K
  class space    used 422K, capacity 488K, committed 512K, reserved 1048576K
Event: 0.155 GC heap after
Heap after GC invocations=7 (full 0):
 PSYoungGen      total 3072K, used 722K [0x0000000715580000, 0x0000000715b80000, 0x00000007c0000000)
  eden space 2048K, 0% used [0x0000000715580000,0x0000000715580000,0x0000000715780000)
  from space 1024K, 70% used [0x0000000715780000,0x0000000715834980,0x0000000715880000)
  to   space 1024K, 0% used [0x0000000715a80000,0x0000000715a80000,0x0000000715b80000)
 ParOldGen       total 522752K, used 956K [0x00000005c0000000, 0x00000005dfe80000, 0x0000000715580000)
  object space 522752K, 0% used [0x00000005c0000000,0x00000005c00ef288,0x00000005dfe80000)
 Metaspace       used 3765K, capacity 5112K, committed 5376K, reserved 1056768K
  class space    used 422K, capacity 488K, committed 512K, reserved 1048576K
}
Event: 0.178 GC heap before
{Heap before GC invocations=8 (full 0):
 PSYoungGen      total 3072K, used 2770K [0x0000000715580000, 0x0000000715b80000, 0x00000007c0000000)
  eden space 2048K, 100% used [0x0000000715580000,0x0000000715780000,0x0000000715780000)
  from space 1024K, 70% used [0x0000000715780000,0x0000000715834980,0x0000000715880000)
  to   space 1024K, 0% used [0x0000000715a80000,0x0000000715a80000,0x0000000715b80000)
 ParOldGen       total 522752K, used 956K [0x00000005c0000000, 0x00000005dfe80000, 0x0000000715580000)
  object space 522752K, 0% used [0x00000005c0000000,0x00000005c00ef288,0x00000005dfe80000)
 Metaspace       used 4050K, capacity 5336K, committed 5504K, reserved 1056768K
  class space    used 479K, capacity 520K, committed 640K, reserved 1048576K
Event: 0.179 GC heap after
Heap after GC invocations=8 (full 0):
 PSYoungGen      total 5120K, used 624K [0x0000000715580000, 0x0000000715b80000, 0x00000007c0000000)
  eden space 4096K, 0% used [0x0000000715580000,0x0000000715580000,0x0000000715980000)
  from space 1024K, 60% used [0x0000000715a80000,0x0000000715b1c038,0x0000000715b80000)
  to   space 1024K, 0% used [0x0000000715980000,0x0000000715980000,0x0000000715a80000)
 ParOldGen       total 522752K, used 1084K [0x00000005c0000000, 0x00000005dfe80000, 0x0000000715580000)
  object space 522752K, 0% used [0x00000005c0000000,0x00000005c010f288,0x00000005dfe80000)
 Metaspace       used 4050K, capacity 5336K, committed 5504K, reserved 1056768K
  class space    used 479K, capacity 520K, committed 640K, reserved 1048576K
}
Event: 0.227 GC heap before
{Heap before GC invocations=9 (full 0):
 PSYoungGen      total 5120K, used 4720K [0x0000000715580000, 0x0000000715b80000, 0x00000007c0000000)
  eden space 4096K, 100% used [0x0000000715580000,0x0000000715980000,0x0000000715980000)
  from space 1024K, 60% used [0x0000000715a80000,0x0000000715b1c038,0x0000000715b80000)
  to   space 1024K, 0% used [0x0000000715980000,0x0000000715980000,0x0000000715a80000)
 ParOldGen       total 522752K, used 1084K [0x00000005c0000000, 0x00000005dfe80000, 0x0000000715580000)
  object space 522752K, 0% used [0x00000005c0000000,0x00000005c010f288,0x00000005dfe80000)
 Metaspace       used 4912K, capacity 6104K, committed 6400K, reserved 1056768K
  class space    used 614K, capacity 648K, committed 768K, reserved 1048576K
Event: 0.228 GC heap after
Heap after GC invocations=9 (full 0):
 PSYoungGen      total 5120K, used 1012K [0x0000000715580000, 0x0000000715e00000, 0x00000007c0000000)
  eden space 4096K, 0% used [0x0000000715580000,0x0000000715580000,0x0000000715980000)
  from space 1024K, 98% used [0x0000000715980000,0x0000000715a7d0a0,0x0000000715a80000)
  to   space 1024K, 0% used [0x0000000715d00000,0x0000000715d00000,0x0000000715e00000)
 ParOldGen       total 522752K, used 1186K [0x00000005c0000000, 0x00000005dfe80000, 0x0000000715580000)
  object space 522752K, 0% used [0x00000005c0000000,0x00000005c0128b90,0x00000005dfe80000)
 Metaspace       used 4912K, capacity 6104K, committed 6400K, reserved 1056768K
  class space    used 614K, capacity 648K, committed 768K, reserved 1048576K
}
Event: 0.268 GC heap before
{Heap before GC invocations=10 (full 0):
 PSYoungGen      total 5120K, used 5108K [0x0000000715580000, 0x0000000715e00000, 0x00000007c0000000)
  eden space 4096K, 100% used [0x0000000715580000,0x0000000715980000,0x0000000715980000)
  from space 1024K, 98% used [0x0000000715980000,0x0000000715a7d0a0,0x0000000715a80000)
  to   space 1024K, 0% used [0x0000000715d00000,0x0000000715d00000,0x0000000715e00000)
 ParOldGen       total 522752K, used 1186K [0x00000005c0000000, 0x00000005dfe80000, 0x0000000715580000)
  object space 522752K, 0% used [0x00000005c0000000,0x00000005c0128b90,0x00000005dfe80000)
 Metaspace       used 5610K, capacity 6712K, committed 7040K, reserved 1056768K
  class space    used 767K, capacity 808K, committed 896K, reserved 1048576K
Event: 0.269 GC heap after
Heap after GC invocations=10 (full 0):
 PSYoungGen      total 7680K, used 853K [0x0000000715580000, 0x0000000715e00000, 0x00000007c0000000)
  eden space 6656K, 0% used [0x0000000715580000,0x0000000715580000,0x0000000715c00000)
  from space 1024K, 83% used [0x0000000715d00000,0x0000000715dd5448,0x0000000715e00000)
  to   space 1024K, 0% used [0x0000000715c00000,0x0000000715c00000,0x0000000715d00000)
 ParOldGen       total 522752K, used 1306K [0x00000005c0000000, 0x00000005dfe80000, 0x0000000715580000)
  object space 522752K, 0% used [0x00000005c0000000,0x00000005c0146b90,0x00000005dfe80000)
 Metaspace       used 5610K, capacity 6712K, committed 7040K, reserved 1056768K
  class space    used 767K, capacity 808K, committed 896K, reserved 1048576K
}
Event: 0.466 GC heap before
{Heap before GC invocations=11 (full 0):
 PSYoungGen      total 7680K, used 7509K [0x0000000715580000, 0x0000000715e00000, 0x00000007c0000000)
  eden space 6656K, 100% used [0x0000000715580000,0x0000000715c00000,0x0000000715c00000)
  from space 1024K, 83% used [0x0000000715d00000,0x0000000715dd5448,0x0000000715e00000)
  to   space 1024K, 0% used [0x0000000715c00000,0x0000000715c00000,0x0000000715d00000)
 ParOldGen       total 522752K, used 1306K [0x00000005c0000000, 0x00000005dfe80000, 0x0000000715580000)
  object space 522752K, 0% used [0x00000005c0000000,0x00000005c0146b90,0x00000005dfe80000)
 Metaspace       used 7589K, capacity 7712K, committed 7808K, reserved 1056768K
  class space    used 1051K, capacity 1104K, committed 1152K, reserved 1048576K
Event: 0.468 GC heap after
Heap after GC invocations=11 (full 0):
 PSYoungGen      total 7680K, used 979K [0x0000000715580000, 0x0000000716300000, 0x00000007c0000000)
  eden space 6656K, 0% used [0x0000000715580000,0x0000000715580000,0x0000000715c00000)
  from space 1024K, 95% used [0x0000000715c00000,0x0000000715cf4d68,0x0000000715d00000)
  to   space 1536K, 0% used [0x0000000716180000,0x0000000716180000,0x0000000716300000)
 ParOldGen       total 522752K, used 1478K [0x00000005c0000000, 0x00000005dfe80000, 0x0000000715580000)
  object space 522752K, 0% used [0x00000005c0000000,0x00000005c0171bb8,0x00000005dfe80000)
 Metaspace       used 7589K, capacity 7712K, committed 7808K, reserved 1056768K
  class space    used 1051K, capacity 1104K, committed 1152K, reserved 1048576K
}

