# JRE version: Java(TM) SE Runtime Environment (8.0_31-b13) (build 1.8.0_31-b13)
# Java VM: Java HotSpot(TM) 64-Bit Server VM (25.31-b07 mixed mode bsd-amd64 compressed oops)
Heap:
 PSYoungGen      total 141824K, used 88121K [0x000000076ab00000, 0x0000000774000000, 0x00000007c0000000)
  eden space 131072K, 66% used [0x000000076ab00000,0x000000076fff0180,0x0000000772b00000)
  from space 10752K, 10% used [0x0000000773580000,0x000000077369e380,0x0000000774000000)
  to   space 10752K, 0% used [0x0000000772b00000,0x0000000772b00000,0x0000000773580000)
 ParOldGen       total 175104K, used 32K [0x00000006c0000000, 0x00000006cab00000, 0x000000076ab00000)
  object space 175104K, 0% used [0x00000006c0000000,0x00000006c0008000,0x00000006cab00000)
 Metaspace       used 10588K, capacity 10701K, committed 11008K, reserved 1058816K
  class space    used 1410K, capacity 1461K, committed 1536K, reserved 1048576K
GC Heap History (8 events):
Event: 0.399 GC heap before
{Heap before GC invocations=1 (full 0):
 PSYoungGen      total 76288K, used 65536K [0x000000076ab00000, 0x0000000770000000, 0x00000007c0000000)
  eden space 65536K, 100% used [0x000000076ab00000,0x000000076eb00000,0x000000076eb00000)
  from space 10752K, 0% used [0x000000076f580000,0x000000076f580000,0x0000000770000000)
  to   space 10752K, 0% used [0x000000076eb00000,0x000000076eb00000,0x000000076f580000)
 ParOldGen       total 175104K, used 0K [0x00000006c0000000, 0x00000006cab00000, 0x000000076ab00000)
  object space 175104K, 0% used [0x00000006c0000000,0x00000006c0000000,0x00000006cab00000)
 Metaspace       used 6951K, capacity 7704K, committed 8064K, reserved 1056768K
  class space    used 1005K, capacity 1032K, committed 1152K, reserved 1048576K
Event: 0.402 GC heap after
Heap after GC invocations=1 (full 0):
 PSYoungGen      total 76288K, used 3682K [0x000000076ab00000, 0x0000000770000000, 0x00000007c0000000)
  eden space 65536K, 0% used [0x000000076ab00000,0x000000076ab00000,0x000000076eb00000)
  from space 10752K, 34% used [0x000000076eb00000,0x000000076ee98890,0x000000076f580000)
  to   space 10752K, 0% used [0x000000076f580000,0x000000076f580000,0x0000000770000000)
 ParOldGen       total 175104K, used 16K [0x00000006c0000000, 0x00000006cab00000, 0x000000076ab00000)
  object space 175104K, 0% used [0x00000006c0000000,0x00000006c0004000,0x00000006cab00000)
 Metaspace       used 6951K, capacity 7704K, committed 8064K, reserved 1056768K
  class space    used 1005K, capacity 1032K, committed 1152K, reserved 1048576K
}
Event: 0.418 GC heap before
{Heap before GC invocations=2 (full 0):
 PSYoungGen      total 76288K, used 69218K [0x000000076ab00000, 0x0000000770000000, 0x00000007c0000000)
  eden space 65536K, 100% used [0x000000076ab00000,0x000000076eb00000,0x000000076eb00000)
  from space 10752K, 34% used [0x000000076eb00000,0x000000076ee98890,0x000000076f580000)
  to   space 10752K, 0% used [0x000000076f580000,0x000000076f580000,0x0000000770000000)
 ParOldGen       total 175104K, used 16K [0x00000006c0000000, 0x00000006cab00000, 0x000000076ab00000)
  object space 175104K, 0% used [0x00000006c0000000,0x00000006c0004000,0x00000006cab00000)
 Metaspace       used 6996K, capacity 7704K, committed 8064K, reserved 1056768K
  class space    used 1005K, capacity 1032K, committed 1152K, reserved 1048576K
Event: 0.419 GC heap after
Heap after GC invocations=2 (full 0):
 PSYoungGen      total 76288K, used 1096K [0x000000076ab00000, 0x0000000774000000, 0x00000007c0000000)
  eden space 65536K, 0% used [0x000000076ab00000,0x000000076ab00000,0x000000076eb00000)
  from space 10752K, 10% used [0x000000076f580000,0x000000076f692390,0x0000000770000000)
  to   space 10752K, 0% used [0x000000076eb00000,0x000000076eb00000,0x000000076f580000)
 ParOldGen       total 175104K, used 24K [0x00000006c0000000, 0x00000006cab00000, 0x000000076ab00000)
  object space 175104K, 0% used [0x00000006c0000000,0x00000006c0006000,0x00000006cab00000)
 Metaspace       used 6996K, capacity 7704K, committed 8064K, reserved 1056768K
  class space    used 1005K, capacity 1032K, committed 1152K, reserved 1048576K
}
Event: 0.430 GC heap before
{Heap before GC invocations=3 (full 0):
 PSYoungGen      total 76288K, used 66632K [0x000000076ab00000, 0x0000000774000000, 0x00000007c0000000)
  eden space 65536K, 100% used [0x000000076ab00000,0x000000076eb00000,0x000000076eb00000)
  from space 10752K, 10% used [0x000000076f580000,0x000000076f692390,0x0000000770000000)
  to   space 10752K, 0% used [0x000000076eb00000,0x000000076eb00000,0x000000076f580000)
 ParOldGen       total 175104K, used 24K [0x00000006c0000000, 0x00000006cab00000, 0x000000076ab00000)
  object space 175104K, 0% used [0x00000006c0000000,0x00000006c0006000,0x00000006cab00000)
 Metaspace       used 6997K, capacity 7704K, committed 8064K, reserved 1056768K
  class space    used 1005K, capacity 1032K, committed 1152K, reserved 1048576K
Event: 0.431 GC heap after
Heap after GC invocations=3 (full 0):
 PSYoungGen      total 76288K, used 1038K [0x000000076ab00000, 0x0000000774000000, 0x00000007c0000000)
  eden space 65536K, 0% used [0x000000076ab00000,0x000000076ab00000,0x000000076eb00000)
  from space 10752K, 9% used [0x000000076eb00000,0x000000076ec03a70,0x000000076f580000)
  to   space 10752K, 0% used [0x0000000773580000,0x0000000773580000,0x0000000774000000)
 ParOldGen       total 175104K, used 32K [0x00000006c0000000, 0x00000006cab00000, 0x000000076ab00000)
  object space 175104K, 0% used [0x00000006c0000000,0x00000006c0008000,0x00000006cab00000)
 Metaspace       used 6997K, capacity 7704K, committed 8064K, reserved 1056768K
  class space    used 1005K, capacity 1032K, committed 1152K, reserved 1048576K
}
Event: 0.458 GC heap before
{Heap before GC invocations=4 (full 0):
 PSYoungGen      total 76288K, used 66574K [0x000000076ab00000, 0x0000000774000000, 0x00000007c0000000)
  eden space 65536K, 100% used [0x000000076ab00000,0x000000076eb00000,0x000000076eb00000)
  from space 10752K, 9% used [0x000000076eb00000,0x000000076ec03a70,0x000000076f580000)
  to   space 10752K, 0% used [0x0000000773580000,0x0000000773580000,0x0000000774000000)
 ParOldGen       total 175104K, used 32K [0x00000006c0000000, 0x00000006cab00000, 0x000000076ab00000)
  object space 175104K, 0% used [0x00000006c0000000,0x00000006c0008000,0x00000006cab00000)
 Metaspace       used 7106K, capacity 7864K, committed 8064K, reserved 1056768K
  class space    used 1033K, capacity 1064K, committed 1152K, reserved 1048576K
Event: 0.460 GC heap after
Heap after GC invocations=4 (full 0):
 PSYoungGen      total 141824K, used 1144K [0x000000076ab00000, 0x0000000774000000, 0x00000007c0000000)
  eden space 131072K, 0% used [0x000000076ab00000,0x000000076ab00000,0x0000000772b00000)
  from space 10752K, 10% used [0x0000000773580000,0x000000077369e380,0x0000000774000000)
  to   space 10752K, 0% used [0x0000000772b00000,0x0000000772b00000,0x0000000773580000)
 ParOldGen       total 175104K, used 32K [0x00000006c0000000, 0x00000006cab00000, 0x000000076ab00000)
  object space 175104K, 0% used [0x00000006c0000000,0x00000006c0008000,0x00000006cab00000)
 Metaspace       used 7106K, capacity 7864K, committed 8064K, reserved 1056768K
  class space    used 1033K, capacity 1064K, committed 1152K, reserved 1048576K
}

